2020-06-05 18:59:55 INFO  xerosite:61 - opening browser
2020-06-05 18:59:57 INFO  xerosite:18 - entering username and password
2020-06-05 19:00:05 INFO  xerosite:22 - submitted
2020-06-05 19:00:06 DEBUG cache:44 - Couldn't find template in cache for "spark/spark.spa.ftl"("en_US", UTF-8, parsed); will try to load it.
2020-06-05 19:00:06 DEBUG cache:44 - TemplateLoader.findTemplateSource("spark/spark.spa_en_US.ftl"): Not found
2020-06-05 19:00:06 DEBUG cache:44 - TemplateLoader.findTemplateSource("spark/spark.spa_en.ftl"): Not found
2020-06-05 19:00:06 DEBUG cache:44 - TemplateLoader.findTemplateSource("spark/spark.spa.ftl"): Found
2020-06-05 19:00:06 DEBUG cache:44 - Loading template for "spark/spark.spa.ftl"("en_US", UTF-8, parsed) from "jar:file:/C:/Users/ArchanaVeeru/.m2/repository/com/aventstack/extentreports/4.1.6/extentreports-4.1.6.jar!/com/aventstack/extentreports/view/spark/spark.spa.ftl"
2020-06-05 19:00:06 DEBUG cache:44 - Couldn't find template in cache for "commons/commons-variables.ftl"("en_US", UTF-8, parsed); will try to load it.
2020-06-05 19:00:06 DEBUG cache:44 - TemplateLoader.findTemplateSource("commons/commons-variables_en_US.ftl"): Not found
2020-06-05 19:00:06 DEBUG cache:44 - TemplateLoader.findTemplateSource("commons/commons-variables_en.ftl"): Not found
2020-06-05 19:00:06 DEBUG cache:44 - TemplateLoader.findTemplateSource("commons/commons-variables.ftl"): Found
2020-06-05 19:00:06 DEBUG cache:44 - Loading template for "commons/commons-variables.ftl"("en_US", UTF-8, parsed) from "jar:file:/C:/Users/ArchanaVeeru/.m2/repository/com/aventstack/extentreports/4.1.6/extentreports-4.1.6.jar!/com/aventstack/extentreports/view/commons/commons-variables.ftl"
2020-06-05 19:00:06 DEBUG cache:44 - Couldn't find template in cache for "commons/commons-macros.ftl"("en_US", UTF-8, parsed); will try to load it.
2020-06-05 19:00:06 DEBUG cache:44 - TemplateLoader.findTemplateSource("commons/commons-macros_en_US.ftl"): Not found
2020-06-05 19:00:06 DEBUG cache:44 - TemplateLoader.findTemplateSource("commons/commons-macros_en.ftl"): Not found
2020-06-05 19:00:06 DEBUG cache:44 - TemplateLoader.findTemplateSource("commons/commons-macros.ftl"): Found
2020-06-05 19:00:06 DEBUG cache:44 - Loading template for "commons/commons-macros.ftl"("en_US", UTF-8, parsed) from "jar:file:/C:/Users/ArchanaVeeru/.m2/repository/com/aventstack/extentreports/4.1.6/extentreports-4.1.6.jar!/com/aventstack/extentreports/view/commons/commons-macros.ftl"
2020-06-05 19:00:06 DEBUG cache:44 - Couldn't find template in cache for "spark/macros/attributes.ftl"("en_US", UTF-8, parsed); will try to load it.
2020-06-05 19:00:06 DEBUG cache:44 - TemplateLoader.findTemplateSource("spark/macros/attributes_en_US.ftl"): Not found
2020-06-05 19:00:06 DEBUG cache:44 - TemplateLoader.findTemplateSource("spark/macros/attributes_en.ftl"): Not found
2020-06-05 19:00:06 DEBUG cache:44 - TemplateLoader.findTemplateSource("spark/macros/attributes.ftl"): Found
2020-06-05 19:00:06 DEBUG cache:44 - Loading template for "spark/macros/attributes.ftl"("en_US", UTF-8, parsed) from "jar:file:/C:/Users/ArchanaVeeru/.m2/repository/com/aventstack/extentreports/4.1.6/extentreports-4.1.6.jar!/com/aventstack/extentreports/view/spark/macros/attributes.ftl"
2020-06-05 19:00:07 DEBUG cache:44 - Couldn't find template in cache for "spark/macros/log.ftl"("en_US", UTF-8, parsed); will try to load it.
2020-06-05 19:00:07 DEBUG cache:44 - TemplateLoader.findTemplateSource("spark/macros/log_en_US.ftl"): Not found
2020-06-05 19:00:07 DEBUG cache:44 - TemplateLoader.findTemplateSource("spark/macros/log_en.ftl"): Not found
2020-06-05 19:00:07 DEBUG cache:44 - TemplateLoader.findTemplateSource("spark/macros/log.ftl"): Found
2020-06-05 19:00:07 DEBUG cache:44 - Loading template for "spark/macros/log.ftl"("en_US", UTF-8, parsed) from "jar:file:/C:/Users/ArchanaVeeru/.m2/repository/com/aventstack/extentreports/4.1.6/extentreports-4.1.6.jar!/com/aventstack/extentreports/view/spark/macros/log.ftl"
2020-06-05 19:00:07 DEBUG cache:44 - Couldn't find template in cache for "spark/macros/recurse_nodes.ftl"("en_US", UTF-8, parsed); will try to load it.
2020-06-05 19:00:07 DEBUG cache:44 - TemplateLoader.findTemplateSource("spark/macros/recurse_nodes_en_US.ftl"): Not found
2020-06-05 19:00:07 DEBUG cache:44 - TemplateLoader.findTemplateSource("spark/macros/recurse_nodes_en.ftl"): Not found
2020-06-05 19:00:07 DEBUG cache:44 - TemplateLoader.findTemplateSource("spark/macros/recurse_nodes.ftl"): Found
2020-06-05 19:00:07 DEBUG cache:44 - Loading template for "spark/macros/recurse_nodes.ftl"("en_US", UTF-8, parsed) from "jar:file:/C:/Users/ArchanaVeeru/.m2/repository/com/aventstack/extentreports/4.1.6/extentreports-4.1.6.jar!/com/aventstack/extentreports/view/spark/macros/recurse_nodes.ftl"
2020-06-05 19:00:07 DEBUG cache:44 - "spark/macros/log.ftl"("en_US", UTF-8, parsed) cached copy not yet stale; using cached.
2020-06-05 19:00:07 DEBUG cache:44 - Couldn't find template in cache for "spark/partials/head.ftl"("en_US", UTF-8, parsed); will try to load it.
2020-06-05 19:00:07 DEBUG cache:44 - TemplateLoader.findTemplateSource("spark/partials/head_en_US.ftl"): Not found
2020-06-05 19:00:07 DEBUG cache:44 - TemplateLoader.findTemplateSource("spark/partials/head_en.ftl"): Not found
2020-06-05 19:00:07 DEBUG cache:44 - TemplateLoader.findTemplateSource("spark/partials/head.ftl"): Found
2020-06-05 19:00:07 DEBUG cache:44 - Loading template for "spark/partials/head.ftl"("en_US", UTF-8, parsed) from "jar:file:/C:/Users/ArchanaVeeru/.m2/repository/com/aventstack/extentreports/4.1.6/extentreports-4.1.6.jar!/com/aventstack/extentreports/view/spark/partials/head.ftl"
2020-06-05 19:00:07 DEBUG cache:44 - Couldn't find template in cache for "commons/commons-inject-css.ftl"("en_US", UTF-8, parsed); will try to load it.
2020-06-05 19:00:07 DEBUG cache:44 - TemplateLoader.findTemplateSource("commons/commons-inject-css_en_US.ftl"): Not found
2020-06-05 19:00:07 DEBUG cache:44 - TemplateLoader.findTemplateSource("commons/commons-inject-css_en.ftl"): Not found
2020-06-05 19:00:07 DEBUG cache:44 - TemplateLoader.findTemplateSource("commons/commons-inject-css.ftl"): Found
2020-06-05 19:00:07 DEBUG cache:44 - Loading template for "commons/commons-inject-css.ftl"("en_US", UTF-8, parsed) from "jar:file:/C:/Users/ArchanaVeeru/.m2/repository/com/aventstack/extentreports/4.1.6/extentreports-4.1.6.jar!/com/aventstack/extentreports/view/commons/commons-inject-css.ftl"
2020-06-05 19:00:07 DEBUG cache:44 - Couldn't find template in cache for "spark/partials/navbar.ftl"("en_US", UTF-8, parsed); will try to load it.
2020-06-05 19:00:07 DEBUG cache:44 - TemplateLoader.findTemplateSource("spark/partials/navbar_en_US.ftl"): Not found
2020-06-05 19:00:07 DEBUG cache:44 - TemplateLoader.findTemplateSource("spark/partials/navbar_en.ftl"): Not found
2020-06-05 19:00:07 DEBUG cache:44 - TemplateLoader.findTemplateSource("spark/partials/navbar.ftl"): Found
2020-06-05 19:00:07 DEBUG cache:44 - Loading template for "spark/partials/navbar.ftl"("en_US", UTF-8, parsed) from "jar:file:/C:/Users/ArchanaVeeru/.m2/repository/com/aventstack/extentreports/4.1.6/extentreports-4.1.6.jar!/com/aventstack/extentreports/view/spark/partials/navbar.ftl"
2020-06-05 19:00:07 DEBUG cache:44 - Couldn't find template in cache for "spark/partials/sidenav.ftl"("en_US", UTF-8, parsed); will try to load it.
2020-06-05 19:00:07 DEBUG cache:44 - TemplateLoader.findTemplateSource("spark/partials/sidenav_en_US.ftl"): Not found
2020-06-05 19:00:07 DEBUG cache:44 - TemplateLoader.findTemplateSource("spark/partials/sidenav_en.ftl"): Not found
2020-06-05 19:00:07 DEBUG cache:44 - TemplateLoader.findTemplateSource("spark/partials/sidenav.ftl"): Found
2020-06-05 19:00:07 DEBUG cache:44 - Loading template for "spark/partials/sidenav.ftl"("en_US", UTF-8, parsed) from "jar:file:/C:/Users/ArchanaVeeru/.m2/repository/com/aventstack/extentreports/4.1.6/extentreports-4.1.6.jar!/com/aventstack/extentreports/view/spark/partials/sidenav.ftl"
2020-06-05 19:00:07 DEBUG cache:44 - Couldn't find template in cache for "spark/partials/test.ftl"("en_US", UTF-8, parsed); will try to load it.
2020-06-05 19:00:07 DEBUG cache:44 - TemplateLoader.findTemplateSource("spark/partials/test_en_US.ftl"): Not found
2020-06-05 19:00:07 DEBUG cache:44 - TemplateLoader.findTemplateSource("spark/partials/test_en.ftl"): Not found
2020-06-05 19:00:07 DEBUG cache:44 - TemplateLoader.findTemplateSource("spark/partials/test.ftl"): Found
2020-06-05 19:00:07 DEBUG cache:44 - Loading template for "spark/partials/test.ftl"("en_US", UTF-8, parsed) from "jar:file:/C:/Users/ArchanaVeeru/.m2/repository/com/aventstack/extentreports/4.1.6/extentreports-4.1.6.jar!/com/aventstack/extentreports/view/spark/partials/test.ftl"
2020-06-05 19:00:07 DEBUG cache:44 - Couldn't find template in cache for "spark/partials/standard-content.ftl"("en_US", UTF-8, parsed); will try to load it.
2020-06-05 19:00:07 DEBUG cache:44 - TemplateLoader.findTemplateSource("spark/partials/standard-content_en_US.ftl"): Not found
2020-06-05 19:00:07 DEBUG cache:44 - TemplateLoader.findTemplateSource("spark/partials/standard-content_en.ftl"): Not found
2020-06-05 19:00:07 DEBUG cache:44 - TemplateLoader.findTemplateSource("spark/partials/standard-content.ftl"): Found
2020-06-05 19:00:07 DEBUG cache:44 - Loading template for "spark/partials/standard-content.ftl"("en_US", UTF-8, parsed) from "jar:file:/C:/Users/ArchanaVeeru/.m2/repository/com/aventstack/extentreports/4.1.6/extentreports-4.1.6.jar!/com/aventstack/extentreports/view/spark/partials/standard-content.ftl"
2020-06-05 19:00:07 DEBUG cache:44 - Couldn't find template in cache for "spark/partials/dashboard.ftl"("en_US", UTF-8, parsed); will try to load it.
2020-06-05 19:00:07 DEBUG cache:44 - TemplateLoader.findTemplateSource("spark/partials/dashboard_en_US.ftl"): Not found
2020-06-05 19:00:07 DEBUG cache:44 - TemplateLoader.findTemplateSource("spark/partials/dashboard_en.ftl"): Not found
2020-06-05 19:00:07 DEBUG cache:44 - TemplateLoader.findTemplateSource("spark/partials/dashboard.ftl"): Found
2020-06-05 19:00:07 DEBUG cache:44 - Loading template for "spark/partials/dashboard.ftl"("en_US", UTF-8, parsed) from "jar:file:/C:/Users/ArchanaVeeru/.m2/repository/com/aventstack/extentreports/4.1.6/extentreports-4.1.6.jar!/com/aventstack/extentreports/view/spark/partials/dashboard.ftl"
2020-06-05 19:00:07 DEBUG cache:44 - Couldn't find template in cache for "spark/partials/scripts.ftl"("en_US", UTF-8, parsed); will try to load it.
2020-06-05 19:00:07 DEBUG cache:44 - TemplateLoader.findTemplateSource("spark/partials/scripts_en_US.ftl"): Not found
2020-06-05 19:00:07 DEBUG cache:44 - TemplateLoader.findTemplateSource("spark/partials/scripts_en.ftl"): Not found
2020-06-05 19:00:07 DEBUG cache:44 - TemplateLoader.findTemplateSource("spark/partials/scripts.ftl"): Found
2020-06-05 19:00:07 DEBUG cache:44 - Loading template for "spark/partials/scripts.ftl"("en_US", UTF-8, parsed) from "jar:file:/C:/Users/ArchanaVeeru/.m2/repository/com/aventstack/extentreports/4.1.6/extentreports-4.1.6.jar!/com/aventstack/extentreports/view/spark/partials/scripts.ftl"
2020-06-05 19:00:07 DEBUG cache:44 - Couldn't find template in cache for "commons/commons-inject-js.ftl"("en_US", UTF-8, parsed); will try to load it.
2020-06-05 19:00:07 DEBUG cache:44 - TemplateLoader.findTemplateSource("commons/commons-inject-js_en_US.ftl"): Not found
2020-06-05 19:00:07 DEBUG cache:44 - TemplateLoader.findTemplateSource("commons/commons-inject-js_en.ftl"): Not found
2020-06-05 19:00:07 DEBUG cache:44 - TemplateLoader.findTemplateSource("commons/commons-inject-js.ftl"): Found
2020-06-05 19:00:07 DEBUG cache:44 - Loading template for "commons/commons-inject-js.ftl"("en_US", UTF-8, parsed) from "jar:file:/C:/Users/ArchanaVeeru/.m2/repository/com/aventstack/extentreports/4.1.6/extentreports-4.1.6.jar!/com/aventstack/extentreports/view/commons/commons-inject-js.ftl"
